<?xml version="1.0" encoding="UTF-8"?>
<!-- Generated by org.testng.reporters.JUnitReportReporter -->
<testsuite hostname="ASUS" name="ngtest_xitongxuexi.datadriver.xml.TestDataProvider" tests="5" failures="0" timestamp="28 Jun 2016 07:50:21 GMT" time="0.000" errors="0">
  <testcase name="testmethod3" time="0.000" classname="ngtest_xitongxuexi.datadriver.xml.TestDataProvider"/>
  <testcase name="testmethod1" time="0.000" classname="ngtest_xitongxuexi.datadriver.xml.TestDataProvider"/>
  <testcase name="testmethod2" time="0.000" classname="ngtest_xitongxuexi.datadriver.xml.TestDataProvider"/>
  <testcase name="testmethod4" time="0.000" classname="ngtest_xitongxuexi.datadriver.xml.TestDataProvider"/>
  <testcase name="testmethod1" time="0.000" classname="ngtest_xitongxuexi.datadriver.xml.TestDataProvider"/>
</testsuite> <!-- ngtest_xitongxuexi.datadriver.xml.TestDataProvider -->
